<?xml version="1.0" encoding="UTF-8"?>
<testng-results total="1" passed="1" failed="0" skipped="0">
  <reporter-output>
  </reporter-output>
  <suite started-at="2020-02-10T16:56:54Z" name="Suite" finished-at="2020-02-10T16:57:17Z" duration-ms="23292">
    <groups>
    </groups>
    <test started-at="2020-02-10T16:56:54Z" name="Test" finished-at="2020-02-10T16:57:17Z" duration-ms="23292">
      <class name="com.testautomation.TestRunner.TestRunner">
        <test-method is-config="true" signature="setUpClass()[pri:0, instance:com.testautomation.TestRunner.TestRunner@1151e434]" started-at="2020-02-10T22:26:54Z" name="setUpClass" finished-at="2020-02-10T22:26:54Z" duration-ms="386" status="PASS">
          <reporter-output>
          </reporter-output>
        </test-method> <!-- setUpClass -->
        <test-method signature="feature(cucumber.api.testng.CucumberFeatureWrapper)[pri:0, instance:com.testautomation.TestRunner.TestRunner@1151e434]" started-at="2020-02-10T22:26:55Z" name="feature" data-provider="features" finished-at="2020-02-10T22:27:17Z" duration-ms="22771" status="PASS">
          <params>
            <param index="0">
              <value>
                <![CDATA[Yotube Search validations]]>
              </value>
            </param>
          </params>
          <reporter-output>
          </reporter-output>
        </test-method> <!-- feature -->
        <test-method is-config="true" signature="tearDownClass()[pri:0, instance:com.testautomation.TestRunner.TestRunner@1151e434]" started-at="2020-02-10T22:27:17Z" name="tearDownClass" finished-at="2020-02-10T22:27:17Z" duration-ms="28" status="PASS">
          <reporter-output>
          </reporter-output>
        </test-method> <!-- tearDownClass -->
      </class> <!-- com.testautomation.TestRunner.TestRunner -->
    </test> <!-- Test -->
  </suite> <!-- Suite -->
</testng-results>
